# JRE version: OpenJDK Runtime Environment Temurin-17.0.7+7 (17.0.7+7) (build 17.0.7+7)
# Java VM: OpenJDK 64-Bit Server VM Temurin-17.0.7+7 (17.0.7+7, mixed mode, tiered, compressed oops, compressed class ptrs, g1 gc, windows-amd64)
GC Precious Log:
 CPUs: 20 total, 20 available
 Memory: 32509M
 Large Page Support: Disabled
 NUMA Support: Disabled
 Compressed Oops: Enabled (Zero based)
 Heap Region Size: 4M
 Heap Min Capacity: 8M
 Heap Initial Capacity: 508M
 Heap Max Capacity: 8128M
 Pre-touch: Disabled
 Parallel Workers: 15
 Concurrent Workers: 4
 Concurrent Refinement Workers: 15
 Periodic GC: Disabled
Heap:
 garbage-first heap   total 151552K, used 101871K [0x0000000604000000, 0x0000000800000000)
  region size 4096K, 16 young (65536K), 2 survivors (8192K)
 Metaspace       used 116638K, committed 118208K, reserved 1179648K
  class space    used 14111K, committed 14912K, reserved 1048576K
GC Heap History (20 events):
Event: 234.040 GC heap before
{Heap before GC invocations=99 (full 16):
 garbage-first heap   total 151552K, used 115098K [0x0000000604000000, 0x0000000800000000)
  region size 4096K, 18 young (73728K), 0 survivors (0K)
 Metaspace       used 112766K, committed 114240K, reserved 1179648K
  class space    used 13749K, committed 14528K, reserved 1048576K
}
Event: 234.043 GC heap after
{Heap after GC invocations=100 (full 16):
 garbage-first heap   total 151552K, used 47680K [0x0000000604000000, 0x0000000800000000)
  region size 4096K, 2 young (8192K), 2 survivors (8192K)
 Metaspace       used 112766K, committed 114240K, reserved 1179648K
  class space    used 13749K, committed 14528K, reserved 1048576K
}
Event: 235.362 GC heap before
{Heap before GC invocations=100 (full 16):
 garbage-first heap   total 151552K, used 113216K [0x0000000604000000, 0x0000000800000000)
  region size 4096K, 18 young (73728K), 2 survivors (8192K)
 Metaspace       used 113237K, committed 114816K, reserved 1179648K
  class space    used 13793K, committed 14592K, reserved 1048576K
}
Event: 235.365 GC heap after
{Heap after GC invocations=101 (full 16):
 garbage-first heap   total 151552K, used 51000K [0x0000000604000000, 0x0000000800000000)
  region size 4096K, 3 young (12288K), 3 survivors (12288K)
 Metaspace       used 113237K, committed 114816K, reserved 1179648K
  class space    used 13793K, committed 14592K, reserved 1048576K
}
Event: 290.748 GC heap before
{Heap before GC invocations=101 (full 16):
 garbage-first heap   total 151552K, used 79672K [0x0000000604000000, 0x0000000800000000)
  region size 4096K, 11 young (45056K), 3 survivors (12288K)
 Metaspace       used 113314K, committed 114880K, reserved 1179648K
  class space    used 13797K, committed 14592K, reserved 1048576K
}
Event: 290.803 GC heap after
{Heap after GC invocations=102 (full 17):
 garbage-first heap   total 151552K, used 41860K [0x0000000604000000, 0x0000000800000000)
  region size 4096K, 0 young (0K), 0 survivors (0K)
 Metaspace       used 113308K, committed 114880K, reserved 1179648K
  class space    used 13796K, committed 14592K, reserved 1048576K
}
Event: 291.228 GC heap before
{Heap before GC invocations=102 (full 17):
 garbage-first heap   total 151552K, used 115588K [0x0000000604000000, 0x0000000800000000)
  region size 4096K, 18 young (73728K), 0 survivors (0K)
 Metaspace       used 113759K, committed 115264K, reserved 1179648K
  class space    used 13853K, committed 14656K, reserved 1048576K
}
Event: 291.231 GC heap after
{Heap after GC invocations=103 (full 17):
 garbage-first heap   total 151552K, used 48137K [0x0000000604000000, 0x0000000800000000)
  region size 4096K, 2 young (8192K), 2 survivors (8192K)
 Metaspace       used 113759K, committed 115264K, reserved 1179648K
  class space    used 13853K, committed 14656K, reserved 1048576K
}
Event: 292.414 GC heap before
{Heap before GC invocations=103 (full 17):
 garbage-first heap   total 151552K, used 113673K [0x0000000604000000, 0x0000000800000000)
  region size 4096K, 18 young (73728K), 2 survivors (8192K)
 Metaspace       used 114321K, committed 115840K, reserved 1179648K
  class space    used 13896K, committed 14720K, reserved 1048576K
}
Event: 292.416 GC heap after
{Heap after GC invocations=104 (full 17):
 garbage-first heap   total 151552K, used 51379K [0x0000000604000000, 0x0000000800000000)
  region size 4096K, 3 young (12288K), 3 survivors (12288K)
 Metaspace       used 114321K, committed 115840K, reserved 1179648K
  class space    used 13896K, committed 14720K, reserved 1048576K
}
Event: 328.857 GC heap before
{Heap before GC invocations=104 (full 17):
 garbage-first heap   total 151552K, used 75955K [0x0000000604000000, 0x0000000800000000)
  region size 4096K, 10 young (40960K), 3 survivors (12288K)
 Metaspace       used 114383K, committed 115904K, reserved 1179648K
  class space    used 13901K, committed 14720K, reserved 1048576K
}
Event: 328.912 GC heap after
{Heap after GC invocations=105 (full 18):
 garbage-first heap   total 151552K, used 42165K [0x0000000604000000, 0x0000000800000000)
  region size 4096K, 0 young (0K), 0 survivors (0K)
 Metaspace       used 114377K, committed 115904K, reserved 1179648K
  class space    used 13900K, committed 14720K, reserved 1048576K
}
Event: 329.316 GC heap before
{Heap before GC invocations=105 (full 18):
 garbage-first heap   total 151552K, used 115893K [0x0000000604000000, 0x0000000800000000)
  region size 4096K, 18 young (73728K), 0 survivors (0K)
 Metaspace       used 114897K, committed 116416K, reserved 1179648K
  class space    used 13965K, committed 14784K, reserved 1048576K
}
Event: 329.318 GC heap after
{Heap after GC invocations=106 (full 18):
 garbage-first heap   total 151552K, used 48439K [0x0000000604000000, 0x0000000800000000)
  region size 4096K, 2 young (8192K), 2 survivors (8192K)
 Metaspace       used 114897K, committed 116416K, reserved 1179648K
  class space    used 13965K, committed 14784K, reserved 1048576K
}
Event: 330.566 GC heap before
{Heap before GC invocations=106 (full 18):
 garbage-first heap   total 151552K, used 113975K [0x0000000604000000, 0x0000000800000000)
  region size 4096K, 18 young (73728K), 2 survivors (8192K)
 Metaspace       used 115498K, committed 117056K, reserved 1179648K
  class space    used 14008K, committed 14848K, reserved 1048576K
}
Event: 330.568 GC heap after
{Heap after GC invocations=107 (full 18):
 garbage-first heap   total 151552K, used 51561K [0x0000000604000000, 0x0000000800000000)
  region size 4096K, 3 young (12288K), 3 survivors (12288K)
 Metaspace       used 115498K, committed 117056K, reserved 1179648K
  class space    used 14008K, committed 14848K, reserved 1048576K
}
Event: 334.250 GC heap before
{Heap before GC invocations=107 (full 18):
 garbage-first heap   total 151552K, used 72041K [0x0000000604000000, 0x0000000800000000)
  region size 4096K, 9 young (36864K), 3 survivors (12288K)
 Metaspace       used 115544K, committed 117120K, reserved 1179648K
  class space    used 14013K, committed 14848K, reserved 1048576K
}
Event: 334.308 GC heap after
{Heap after GC invocations=108 (full 19):
 garbage-first heap   total 151552K, used 42627K [0x0000000604000000, 0x0000000800000000)
  region size 4096K, 0 young (0K), 0 survivors (0K)
 Metaspace       used 115538K, committed 117120K, reserved 1179648K
  class space    used 14012K, committed 14848K, reserved 1048576K
}
Event: 334.748 GC heap before
{Heap before GC invocations=108 (full 19):
 garbage-first heap   total 151552K, used 116355K [0x0000000604000000, 0x0000000800000000)
  region size 4096K, 18 young (73728K), 0 survivors (0K)
 Metaspace       used 115971K, committed 117504K, reserved 1179648K
  class space    used 14068K, committed 14848K, reserved 1048576K
}
Event: 334.750 GC heap after
{Heap after GC invocations=109 (full 19):
 garbage-first heap   total 151552K, used 48623K [0x0000000604000000, 0x0000000800000000)
  region size 4096K, 2 young (8192K), 2 survivors (8192K)
 Metaspace       used 115971K, committed 117504K, reserved 1179648K
  class space    used 14068K, committed 14848K, reserved 1048576K
}

