# JRE version: OpenJDK Runtime Environment Temurin-17.0.7+7 (17.0.7+7) (build 17.0.7+7)
# Java VM: OpenJDK 64-Bit Server VM Temurin-17.0.7+7 (17.0.7+7, mixed mode, tiered, compressed oops, compressed class ptrs, g1 gc, windows-amd64)
GC Precious Log:
 CPUs: 20 total, 20 available
 Memory: 32509M
 Large Page Support: Disabled
 NUMA Support: Disabled
 Compressed Oops: Enabled (Zero based)
 Heap Region Size: 4M
 Heap Min Capacity: 8M
 Heap Initial Capacity: 508M
 Heap Max Capacity: 8128M
 Pre-touch: Disabled
 Parallel Workers: 15
 Concurrent Workers: 4
 Concurrent Refinement Workers: 15
 Periodic GC: Disabled
Heap:
 garbage-first heap   total 122880K, used 50245K [0x0000000604000000, 0x0000000800000000)
  region size 4096K, 4 young (16384K), 1 survivors (4096K)
 Metaspace       used 95343K, committed 96064K, reserved 1179648K
  class space    used 11980K, committed 12352K, reserved 1048576K
GC Heap History (20 events):
Event: 16.353 GC heap before
{Heap before GC invocations=40 (full 0):
 garbage-first heap   total 81920K, used 66137K [0x0000000604000000, 0x0000000800000000)
  region size 4096K, 7 young (28672K), 1 survivors (4096K)
 Metaspace       used 90924K, committed 91584K, reserved 1179648K
  class space    used 11588K, committed 11904K, reserved 1048576K
}
Event: 16.355 GC heap after
{Heap after GC invocations=41 (full 0):
 garbage-first heap   total 303104K, used 41314K [0x0000000604000000, 0x0000000800000000)
  region size 4096K, 1 young (4096K), 1 survivors (4096K)
 Metaspace       used 90924K, committed 91584K, reserved 1179648K
  class space    used 11588K, committed 11904K, reserved 1048576K
}
Event: 16.902 GC heap before
{Heap before GC invocations=42 (full 0):
 garbage-first heap   total 163840K, used 151906K [0x0000000604000000, 0x0000000800000000)
  region size 4096K, 29 young (118784K), 1 survivors (4096K)
 Metaspace       used 91150K, committed 91840K, reserved 1179648K
  class space    used 11622K, committed 11968K, reserved 1048576K
}
Event: 16.903 GC heap after
{Heap after GC invocations=43 (full 0):
 garbage-first heap   total 163840K, used 41860K [0x0000000604000000, 0x0000000800000000)
  region size 4096K, 1 young (4096K), 1 survivors (4096K)
 Metaspace       used 91150K, committed 91840K, reserved 1179648K
  class space    used 11622K, committed 11968K, reserved 1048576K
}
Event: 17.237 GC heap before
{Heap before GC invocations=43 (full 0):
 garbage-first heap   total 163840K, used 136068K [0x0000000604000000, 0x0000000800000000)
  region size 4096K, 24 young (98304K), 1 survivors (4096K)
 Metaspace       used 91234K, committed 91904K, reserved 1179648K
  class space    used 11634K, committed 11968K, reserved 1048576K
}
Event: 17.238 GC heap after
{Heap after GC invocations=44 (full 0):
 garbage-first heap   total 163840K, used 41796K [0x0000000604000000, 0x0000000800000000)
  region size 4096K, 1 young (4096K), 1 survivors (4096K)
 Metaspace       used 91234K, committed 91904K, reserved 1179648K
  class space    used 11634K, committed 11968K, reserved 1048576K
}
Event: 124.418 GC heap before
{Heap before GC invocations=44 (full 0):
 garbage-first heap   total 163840K, used 136004K [0x0000000604000000, 0x0000000800000000)
  region size 4096K, 24 young (98304K), 1 survivors (4096K)
 Metaspace       used 91814K, committed 92544K, reserved 1179648K
  class space    used 11730K, committed 12096K, reserved 1048576K
}
Event: 124.419 GC heap after
{Heap after GC invocations=45 (full 0):
 garbage-first heap   total 163840K, used 42397K [0x0000000604000000, 0x0000000800000000)
  region size 4096K, 1 young (4096K), 1 survivors (4096K)
 Metaspace       used 91814K, committed 92544K, reserved 1179648K
  class space    used 11730K, committed 12096K, reserved 1048576K
}
Event: 210.759 GC heap before
{Heap before GC invocations=45 (full 0):
 garbage-first heap   total 163840K, used 62877K [0x0000000604000000, 0x0000000800000000)
  region size 4096K, 7 young (28672K), 1 survivors (4096K)
 Metaspace       used 92002K, committed 92672K, reserved 1179648K
  class space    used 11755K, committed 12096K, reserved 1048576K
}
Event: 210.791 GC heap after
{Heap after GC invocations=46 (full 1):
 garbage-first heap   total 151552K, used 34109K [0x0000000604000000, 0x0000000800000000)
  region size 4096K, 0 young (0K), 0 survivors (0K)
 Metaspace       used 92002K, committed 92672K, reserved 1179648K
  class space    used 11755K, committed 12096K, reserved 1048576K
}
Event: 211.878 GC heap before
{Heap before GC invocations=46 (full 1):
 garbage-first heap   total 151552K, used 120125K [0x0000000604000000, 0x0000000800000000)
  region size 4096K, 21 young (86016K), 0 survivors (0K)
 Metaspace       used 93047K, committed 93696K, reserved 1179648K
  class space    used 11830K, committed 12160K, reserved 1048576K
}
Event: 211.881 GC heap after
{Heap after GC invocations=47 (full 1):
 garbage-first heap   total 151552K, used 40317K [0x0000000604000000, 0x0000000800000000)
  region size 4096K, 2 young (8192K), 2 survivors (8192K)
 Metaspace       used 93047K, committed 93696K, reserved 1179648K
  class space    used 11830K, committed 12160K, reserved 1048576K
}
Event: 213.599 GC heap before
{Heap before GC invocations=47 (full 1):
 garbage-first heap   total 151552K, used 114045K [0x0000000604000000, 0x0000000800000000)
  region size 4096K, 20 young (81920K), 2 survivors (8192K)
 Metaspace       used 93863K, committed 94528K, reserved 1179648K
  class space    used 11875K, committed 12224K, reserved 1048576K
}
Event: 213.602 GC heap after
{Heap after GC invocations=48 (full 1):
 garbage-first heap   total 151552K, used 44711K [0x0000000604000000, 0x0000000800000000)
  region size 4096K, 3 young (12288K), 3 survivors (12288K)
 Metaspace       used 93863K, committed 94528K, reserved 1179648K
  class space    used 11875K, committed 12224K, reserved 1048576K
}
Event: 413.714 GC heap before
{Heap before GC invocations=48 (full 1):
 garbage-first heap   total 151552K, used 85671K [0x0000000604000000, 0x0000000800000000)
  region size 4096K, 14 young (57344K), 3 survivors (12288K)
 Metaspace       used 93907K, committed 94592K, reserved 1179648K
  class space    used 11877K, committed 12224K, reserved 1048576K
}
Event: 413.760 GC heap after
{Heap after GC invocations=49 (full 2):
 garbage-first heap   total 122880K, used 33915K [0x0000000604000000, 0x0000000800000000)
  region size 4096K, 0 young (0K), 0 survivors (0K)
 Metaspace       used 93901K, committed 94592K, reserved 1179648K
  class space    used 11876K, committed 12224K, reserved 1048576K
}
Event: 414.288 GC heap before
{Heap before GC invocations=49 (full 2):
 garbage-first heap   total 122880K, used 95355K [0x0000000604000000, 0x0000000800000000)
  region size 4096K, 15 young (61440K), 0 survivors (0K)
 Metaspace       used 94176K, committed 94848K, reserved 1179648K
  class space    used 11900K, committed 12224K, reserved 1048576K
}
Event: 414.291 GC heap after
{Heap after GC invocations=50 (full 2):
 garbage-first heap   total 122880K, used 39740K [0x0000000604000000, 0x0000000800000000)
  region size 4096K, 2 young (8192K), 2 survivors (8192K)
 Metaspace       used 94176K, committed 94848K, reserved 1179648K
  class space    used 11900K, committed 12224K, reserved 1048576K
}
Event: 415.818 GC heap before
{Heap before GC invocations=50 (full 2):
 garbage-first heap   total 122880K, used 92988K [0x0000000604000000, 0x0000000800000000)
  region size 4096K, 15 young (61440K), 2 survivors (8192K)
 Metaspace       used 95186K, committed 95936K, reserved 1179648K
  class space    used 11971K, committed 12352K, reserved 1048576K
}
Event: 415.821 GC heap after
{Heap after GC invocations=51 (full 2):
 garbage-first heap   total 122880K, used 42053K [0x0000000604000000, 0x0000000800000000)
  region size 4096K, 1 young (4096K), 1 survivors (4096K)
 Metaspace       used 95186K, committed 95936K, reserved 1179648K
  class space    used 11971K, committed 12352K, reserved 1048576K
}

